C51 COMPILER V9.00   COMMANDPARSER                                                         03/07/2018 21:33:05 PAGE 1   


C51 COMPILER V9.00, COMPILATION OF MODULE COMMANDPARSER
OBJECT MODULE PLACED IN commandparser.OBJ
COMPILER INVOKED BY: C:\Program Files\C51\BIN\C51.EXE commandparser.c BROWSE DEBUG OBJECTEXTEND

line level    source

   1          #include "commandparser.h"
   2          #include "moto.h"
   3          #include "pwm.h"
   4          #include "serial.h"
   5          #include "rgbled.h"
   6          #include "servo.h"
   7          
   8          //#define UP 0x57     // W
   9          //#define DOWN 0x53   // S
  10          //#define LEFT 0x41   // A
  11          //#define RIGHT 0x44  // D
  12          //#define STOP 0x50   // P
  13          
  14          
  15          
  16          
  17          void commandparser(unsigned char cmd)
  18          {
  19   1         send_string_by_uart1("cmd = ");
  20   1         send_data_by_uart1(cmd);
  21   1         send_string_by_uart1("\r\n");
  22   1      
  23   1         switch (cmd)
  24   1         {
  25   2             case 'W':
  26   2                    send_string_by_uart1("car UP\r\n");
  27   2                        moto_side1(0, 2000);
  28   2                moto_side2(0, 2000);
  29   2                    break;
  30   2                 case 'S':
  31   2                    send_string_by_uart1("car DOWN\r\n");
  32   2                        moto_side1(1, 2000);
  33   2                moto_side2(1, 2000);
  34   2                    break;
  35   2                 case 'A':
  36   2                    send_string_by_uart1("car LEFT\r\n");
  37   2                    moto_side1(1, 2000);
  38   2                        moto_side2(0, 2000);
  39   2                    break;
  40   2             case 'D':
  41   2                    send_string_by_uart1("car RIGHT\r\n");
  42   2                    moto_side1(0, 2000);
  43   2                        moto_side2(1, 2000);
  44   2                    break;
  45   2                 case 'P':
  46   2                    send_string_by_uart1("car STOP\r\n");
  47   2                    moto_side1(0, 0);
  48   2                moto_side2(0, 0);
  49   2                        break;
  50   2      
  51   2                 case 'U':
  52   2                    send_string_by_uart1("car acc\r\n");
  53   2                set_speed_up(0);
  54   2                        break;
  55   2      
C51 COMPILER V9.00   COMMANDPARSER                                                         03/07/2018 21:33:05 PAGE 2   

  56   2                 case 'N':
  57   2                    send_string_by_uart1("car dec\r\n");
  58   2                    set_speed_down(0);
  59   2                        break;
  60   2      
  61   2                 case 'H':
  62   2                    send_string_by_uart1("servo h increase\r\n");
  63   2                    servo_h_increase();
  64   2                        break;
  65   2      
  66   2                 case 'J':
  67   2                    send_string_by_uart1("servo h decrease\r\n");
  68   2                    servo_h_decrease();
  69   2                        break;
  70   2      
  71   2                 case 'V':
  72   2                    send_string_by_uart1("servo v increase\r\n");
  73   2                    servo_v_increase();
  74   2                        break;
  75   2                 
  76   2                 case 'B':
  77   2                    send_string_by_uart1("servo v decrease\r\n");
  78   2                    servo_v_decrease();
  79   2                        break;
  80   2      
  81   2                 // led control
  82   2                 case '0':
  83   2                    send_string_by_uart1("turn on led off\r\n");
  84   2                    led_none();
  85   2                        break;
  86   2                 case '1':
  87   2                    send_string_by_uart1("turn on led white\r\n");
  88   2                    led_white();
  89   2                        break;
  90   2                 case '2':
  91   2                    send_string_by_uart1("turn on led red\r\n");
  92   2                    led_red();
  93   2                        break;
  94   2                 case '3':
  95   2                    send_string_by_uart1("turn on led green\r\n");
  96   2                    led_green();
  97   2                        break;
  98   2                 case '4':
  99   2                    send_string_by_uart1("turn on led blue\r\n");
 100   2                    led_blue();
 101   2                        break;
 102   2                 case '5':
 103   2                    send_string_by_uart1("turn on led red green\r\n");
 104   2                    led_red_green();
 105   2                        break;
 106   2                 case '6':
 107   2                    send_string_by_uart1("turn on led red blue\r\n");
 108   2                    led_red_blue();
 109   2                        break;
 110   2                 case '7':
 111   2                    send_string_by_uart1("turn on led green blue\r\n");
 112   2                    led_green_blue();
 113   2                        break;
 114   2                 case '8':
 115   2                    send_string_by_uart1("turn on led flowing water light\r\n");
 116   2                    flowing_water_light();
 117   2                        break;
C51 COMPILER V9.00   COMMANDPARSER                                                         03/07/2018 21:33:05 PAGE 3   

 118   2                 default:
 119   2                    send_string_by_uart1("cmd not found\r\n");
 120   2                    break;
 121   2         }
 122   1      }
 123          
 124          
 125          


MODULE INFORMATION:   STATIC OVERLAYABLE
   CODE SIZE        =    398    ----
   CONSTANT SIZE    =    377    ----
   XDATA SIZE       =   ----    ----
   PDATA SIZE       =   ----    ----
   DATA SIZE        =   ----       1
   IDATA SIZE       =   ----    ----
   BIT SIZE         =   ----    ----
END OF MODULE INFORMATION.


C51 COMPILATION COMPLETE.  0 WARNING(S),  0 ERROR(S)
