C51 COMPILER V9.00   DELAY                                                                 03/07/2018 21:33:05 PAGE 1   


C51 COMPILER V9.00, COMPILATION OF MODULE DELAY
OBJECT MODULE PLACED IN delay.OBJ
COMPILER INVOKED BY: C:\Program Files\C51\BIN\C51.EXE delay.c BROWSE DEBUG OBJECTEXTEND

line level    source

   1          #include "delay.h"
   2          
   3          void delayms(unsigned int n)
   4          {
   5   1        int i = 10;
   6   1        while(--i)
   7   1        {
   8   2                while(--n);
   9   2        } 
  10   1      }
  11          
  12          
  13          void delay(unsigned int  n)       //ÑÓÊ±º¯Êý                       
  14          { 
  15   1          unsigned int x,y;  
  16   1          for(x=n;x>0;x--) 
  17   1              for(y=110;y>0;y--); 
  18   1      } 


MODULE INFORMATION:   STATIC OVERLAYABLE
   CODE SIZE        =     55    ----
   CONSTANT SIZE    =   ----    ----
   XDATA SIZE       =   ----    ----
   PDATA SIZE       =   ----    ----
   DATA SIZE        =   ----    ----
   IDATA SIZE       =   ----    ----
   BIT SIZE         =   ----    ----
END OF MODULE INFORMATION.


C51 COMPILATION COMPLETE.  0 WARNING(S),  0 ERROR(S)
