C51 COMPILER V9.00   RGBLED                                                                03/07/2018 21:33:05 PAGE 1   


C51 COMPILER V9.00, COMPILATION OF MODULE RGBLED
OBJECT MODULE PLACED IN rgbLed.OBJ
COMPILER INVOKED BY: C:\Program Files\C51\BIN\C51.EXE rgbLed.c BROWSE DEBUG OBJECTEXTEND

line level    source

   1          #include "rgbled.h"
   2          #include "delay.h"
   3          
   4          int duration = 20;
   5          int count = 5;
   6          
   7          void led_white()
   8          {
   9   1          v = 1;
  10   1              r = 0;
  11   1              g = 0;
  12   1              b = 0;
  13   1      }
  14          
  15          void led_red()
  16          {
  17   1          v = 1;
  18   1              r = 0;
  19   1              g = 1;
  20   1              b = 1;
  21   1      }
  22          
  23          void led_green()
  24          {
  25   1          v = 1;
  26   1              r = 1;
  27   1              g = 0;
  28   1              b = 1;
  29   1      }
  30          
  31          void led_blue()
  32          {
  33   1          v = 1;
  34   1              r = 1;
  35   1              g = 1;
  36   1              b = 0;
  37   1      }
  38          
  39          void led_red_green()
  40          {
  41   1          v = 1;
  42   1              r = 0;
  43   1              g = 0;
  44   1              b = 1;
  45   1      }
  46          
  47          void led_red_blue()
  48          {
  49   1          v = 1;
  50   1              r = 0;
  51   1              g = 1;
  52   1              b = 0;
  53   1      }
  54          
  55          void led_green_blue()
C51 COMPILER V9.00   RGBLED                                                                03/07/2018 21:33:05 PAGE 2   

  56          {
  57   1          v = 1;
  58   1              r = 1;
  59   1              g = 0;
  60   1              b = 0;
  61   1      }
  62          
  63          void led_none()
  64          {
  65   1          v = 1;
  66   1              r = 1;
  67   1              g = 1;
  68   1              b = 1;
  69   1      }
  70          
  71          void led_off()
  72          {
  73   1          v = 0;
  74   1              r = 0;
  75   1              g = 0;
  76   1              b = 0;
  77   1      }
  78          
  79          void flowing_water_light()
  80          {
  81   1       
  82   1        // while(count--)
  83   1        // {
  84   1                led_white();
  85   1                delayms(duration);
  86   1                led_red();
  87   1                delayms(duration);
  88   1                led_green();
  89   1                delayms(duration);
  90   1                led_blue();
  91   1                delayms(duration);
  92   1                led_red_green();
  93   1                delayms(duration);
  94   1                led_red_blue();
  95   1                delayms(duration);
  96   1                led_green_blue();
  97   1                delayms(duration);
  98   1                led_none();
  99   1                delayms(duration);
 100   1       //  }
 101   1      
 102   1      }
 103          
 104          
 105          
 106          
 107          
 108          
 109          


MODULE INFORMATION:   STATIC OVERLAYABLE
   CODE SIZE        =    161    ----
   CONSTANT SIZE    =   ----    ----
   XDATA SIZE       =   ----    ----
   PDATA SIZE       =   ----    ----
   DATA SIZE        =      4    ----
C51 COMPILER V9.00   RGBLED                                                                03/07/2018 21:33:05 PAGE 3   

   IDATA SIZE       =   ----    ----
   BIT SIZE         =   ----    ----
END OF MODULE INFORMATION.


C51 COMPILATION COMPLETE.  0 WARNING(S),  0 ERROR(S)
