C51 COMPILER V9.00   SMARTCAR                                                              03/07/2018 21:33:05 PAGE 1   


C51 COMPILER V9.00, COMPILATION OF MODULE SMARTCAR
OBJECT MODULE PLACED IN smartCar.OBJ
COMPILER INVOKED BY: C:\Program Files\C51\BIN\C51.EXE smartCar.c BROWSE DEBUG OBJECTEXTEND

line level    source

   1          #include "serial.h"
   2          #include "delay.h"
   3          #include "moto.h"
   4          #include "pwm.h"
   5          #include "commandparser.h"
   6          #include "rgbled.h"
   7          
   8          #define S2RI 0x01
   9          #define S2TI 0x02
  10          
  11          void main()
  12          {
  13   1          led_green_blue();
  14   1          uart1_init();
  15   1              uart2_init();
  16   1              pwm_config();
  17   1              Time0_Init_1();
*** WARNING C206 IN LINE 17 OF SMARTCAR.C: 'Time0_Init_1': missing function-prototype
  18   1              while(1)
  19   1              {       
  20   2                 //串口1，PC串口工具控制模式
  21   2                 while(RI)
  22   2                 {
  23   3                   uchar temp;
  24   3                       RI=0;
  25   3                       temp=SBUF;
  26   3                       send_data_by_uart1(temp);
  27   3                       commandparser(temp);
  28   3                 } 
  29   2      
  30   2      
  31   2                 //串口2，手机app控制模式
  32   2             if(S2CON & S2RI)
  33   2                 {
  34   3                   uchar temp;
  35   3                       S2CON &= ~S2RI;
  36   3                       temp=S2BUF;
  37   3                       send_data_by_uart1(temp);
  38   3                       commandparser(temp);             
  39   3                 }
  40   2              }
  41   1      }  


MODULE INFORMATION:   STATIC OVERLAYABLE
   CODE SIZE        =     58    ----
   CONSTANT SIZE    =   ----    ----
   XDATA SIZE       =   ----    ----
   PDATA SIZE       =   ----    ----
   DATA SIZE        =   ----       1
   IDATA SIZE       =   ----    ----
   BIT SIZE         =   ----    ----
END OF MODULE INFORMATION.


C51 COMPILATION COMPLETE.  1 WARNING(S),  0 ERROR(S)
